




arguments: bin/hello-lindux
Current dir: /home/damian/Desktop/Laby/UNIX/lindux
File verbosity level: 9
date       time         ( uptime  ) [ thread name/id ]                   file:line     v| 
2021-05-26 21:07:39.601 (   0.000s) [main thread     ]             loguru.cpp:830   INFO| Logging to 'lindux.log', mode: 'a', verbosity: 9
2021-05-26 21:07:39.601 (   0.000s) [main thread     ]       hello_lindux.cpp:12    INFO| Hello I'm a formatted text 1234
Stack trace:
11      0x5567345af3ae bin/hello-lindux(+0x93ae) [0x5567345af3ae]
10      0x7fa5733df0b3 __libc_start_main + 243
9       0x5567345afb92 bin/hello-lindux(+0x9b92) [0x5567345afb92]
8       0x5567345b2d3a bin/hello-lindux(+0xcd3a) [0x5567345b2d3a]
7       0x5567345b2c4f bin/hello-lindux(+0xcc4f) [0x5567345b2c4f]
6       0x7fa57366f799 /lib/x86_64-linux-gnu/libstdc++.so.6(+0xaa799) [0x7fa57366f799]
5       0x7fa57366f4e7 /lib/x86_64-linux-gnu/libstdc++.so.6(+0xaa4e7) [0x7fa57366f4e7]
4       0x7fa57366f47c /lib/x86_64-linux-gnu/libstdc++.so.6(+0xaa47c) [0x7fa57366f47c]
3       0x7fa573663951 /lib/x86_64-linux-gnu/libstdc++.so.6(+0x9e951) [0x7fa573663951]
2       0x7fa5733dd859 abort + 299
1       0x7fa5733fe18b gsignal + 203
0       0x7fa5737c13c0 /lib/x86_64-linux-gnu/libpthread.so.0(+0x153c0) [0x7fa5737c13c0]
2021-05-26 21:07:39.601 (   0.000s) [main thread     ]                       :0     FATL| Signal: SIGABRT





arguments: bin/hello-lindux
Current dir: /home/damian/Desktop/Laby/UNIX/lindux
File verbosity level: 9
date       time         ( uptime  ) [ thread name/id ]                   file:line     v| 
2021-05-26 21:08:51.031 (   0.000s) [main thread     ]             loguru.cpp:830   INFO| Logging to 'lindux.log', mode: 'a', verbosity: 9
2021-05-26 21:08:51.031 (   0.000s) [main thread     ]       hello_lindux.cpp:12    INFO| Hello I'm a formatted text 1234
Stack trace:
11      0x5646cbe133ae bin/hello-lindux(+0x93ae) [0x5646cbe133ae]
10      0x7fdd6b4610b3 __libc_start_main + 243
9       0x5646cbe13b92 bin/hello-lindux(+0x9b92) [0x5646cbe13b92]
8       0x5646cbe16d3a bin/hello-lindux(+0xcd3a) [0x5646cbe16d3a]
7       0x5646cbe16c4f bin/hello-lindux(+0xcc4f) [0x5646cbe16c4f]
6       0x7fdd6b6f1799 /lib/x86_64-linux-gnu/libstdc++.so.6(+0xaa799) [0x7fdd6b6f1799]
5       0x7fdd6b6f14e7 /lib/x86_64-linux-gnu/libstdc++.so.6(+0xaa4e7) [0x7fdd6b6f14e7]
4       0x7fdd6b6f147c /lib/x86_64-linux-gnu/libstdc++.so.6(+0xaa47c) [0x7fdd6b6f147c]
3       0x7fdd6b6e5951 /lib/x86_64-linux-gnu/libstdc++.so.6(+0x9e951) [0x7fdd6b6e5951]
2       0x7fdd6b45f859 abort + 299
1       0x7fdd6b48018b gsignal + 203
0       0x7fdd6b8433c0 /lib/x86_64-linux-gnu/libpthread.so.0(+0x153c0) [0x7fdd6b8433c0]
2021-05-26 21:08:51.032 (   0.000s) [main thread     ]                       :0     FATL| Signal: SIGABRT





arguments: bin/hello-lindux
Current dir: /home/damian/Desktop/Laby/UNIX/lindux
File verbosity level: 9
date       time         ( uptime  ) [ thread name/id ]                   file:line     v| 
2021-05-26 22:28:16.875 (   0.000s) [main thread     ]             loguru.cpp:830   INFO| Logging to 'lindux.log', mode: 'a', verbosity: 9
2021-05-26 22:28:16.875 (   0.000s) [main thread     ]       hello_lindux.cpp:12    INFO| Hello I'm a formatted text 1234
2021-05-26 22:28:16.875 (   0.000s) [main thread     ]             loguru.cpp:526   INFO| atexit





arguments: bin/server
Current dir: /home/damian/Desktop/Laby/UNIX/lindux
File verbosity level: 9
date       time         ( uptime  ) [ thread name/id ]                   file:line     v| 
2021-05-26 22:28:22.704 (   0.000s) [main thread     ]             loguru.cpp:830   INFO| Logging to 'lindux.log', mode: 'a', verbosity: 9





arguments: bin/client
Current dir: /home/damian/Desktop/Laby/UNIX/lindux
File verbosity level: 9
date       time         ( uptime  ) [ thread name/id ]                   file:line     v| 
2021-05-26 22:28:26.951 (   0.000s) [main thread     ]             loguru.cpp:830   INFO| Logging to 'lindux.log', mode: 'a', verbosity: 9
2021-05-26 22:28:26.951 (   0.000s) [main thread     ]    linda_functions.cpp:34    INFO| READ: /tmp/3a63e7d2-2429-4c40-8751-4f6138c39975_read.fifo

2021-05-26 22:28:26.951 (   4.247s) [        F5581700]             server.cpp:51    INFO| THIS IS SERVICE THREAD

2021-05-26 22:28:26.951 (   0.000s) [main thread     ]    linda_functions.cpp:35    INFO| WRITE: /tmp/3a63e7d2-2429-4c40-8751-4f6138c39975_write.fifo

2021-05-26 22:28:26.951 (   0.000s) [main thread     ]             loguru.cpp:526   INFO| atexit
Stack trace:
5       0x55df992994de bin/server(+0x94de) [0x55df992994de]
4       0x7f46f56fd0b3 __libc_start_main + 243
3       0x55df9929964e bin/server(+0x964e) [0x55df9929964e]
2       0x55df9929c0f4 bin/server(+0xc0f4) [0x55df9929c0f4]
1       0x7f46f57ebaff __poll + 79
0       0x7f46f5adf3c0 /lib/x86_64-linux-gnu/libpthread.so.0(+0x153c0) [0x7f46f5adf3c0]
2021-05-26 22:29:17.796 (  55.092s) [main thread     ]                       :0     FATL| Signal: SIGINT





arguments: bin/server
Current dir: /home/damian/Desktop/Laby/UNIX/lindux
File verbosity level: 9
date       time         ( uptime  ) [ thread name/id ]                   file:line     v| 
2021-05-26 22:30:12.200 (   0.000s) [main thread     ]             loguru.cpp:830   INFO| Logging to 'lindux.log', mode: 'a', verbosity: 9
Stack trace:
5       0x556a934164de bin/server(+0x94de) [0x556a934164de]
4       0x7f042acd50b3 __libc_start_main + 243
3       0x556a9341664e bin/server(+0x964e) [0x556a9341664e]
2       0x556a93419062 bin/server(+0xc062) [0x556a93419062]
1       0x7f042adc3ac7 __poll + 23
0       0x7f042b0b73c0 /lib/x86_64-linux-gnu/libpthread.so.0(+0x153c0) [0x7f042b0b73c0]
2021-05-26 22:30:23.765 (  11.564s) [main thread     ]                       :0     FATL| Signal: SIGINT
